Determining if the pthread_create exist failed with the following output:
Change Dir: /home/kuan/1slam/VINS-Fusion/vins_estimator/build/CMakeFiles/CMakeTmp

Run Build Command:"/usr/bin/make" "cmTC_fcb6e/fast"
/usr/bin/make -f CMakeFiles/cmTC_fcb6e.dir/build.make CMakeFiles/cmTC_fcb6e.dir/build
make[1]: Entering directory '/home/kuan/1slam/VINS-Fusion/vins_estimator/build/CMakeFiles/CMakeTmp'
Building C object CMakeFiles/cmTC_fcb6e.dir/CheckSymbolExists.c.o
/usr/bin/gcc-5     -o CMakeFiles/cmTC_fcb6e.dir/CheckSymbolExists.c.o   -c /home/kuan/1slam/VINS-Fusion/vins_estimator/build/CMakeFiles/CMakeTmp/CheckSymbolExists.c
Linking C executable cmTC_fcb6e
/usr/bin/cmake -E cmake_link_script CMakeFiles/cmTC_fcb6e.dir/link.txt --verbose=1
/usr/bin/gcc-5       CMakeFiles/cmTC_fcb6e.dir/CheckSymbolExists.c.o  -o cmTC_fcb6e -rdynamic 
CMakeFiles/cmTC_fcb6e.dir/CheckSymbolExists.c.o：在函数‘main’中：
CheckSymbolExists.c:(.text+0x16)：对‘pthread_create’未定义的引用
collect2: error: ld returned 1 exit status
CMakeFiles/cmTC_fcb6e.dir/build.make:97: recipe for target 'cmTC_fcb6e' failed
make[1]: *** [cmTC_fcb6e] Error 1
make[1]: Leaving directory '/home/kuan/1slam/VINS-Fusion/vins_estimator/build/CMakeFiles/CMakeTmp'
Makefile:126: recipe for target 'cmTC_fcb6e/fast' failed
make: *** [cmTC_fcb6e/fast] Error 2

File /home/kuan/1slam/VINS-Fusion/vins_estimator/build/CMakeFiles/CMakeTmp/CheckSymbolExists.c:
/* */
#include <pthread.h>

int main(int argc, char** argv)
{
  (void)argv;
#ifndef pthread_create
  return ((int*)(&pthread_create))[argc];
#else
  (void)argc;
  return 0;
#endif
}

Determining if the function pthread_create exists in the pthreads failed with the following output:
Change Dir: /home/kuan/1slam/VINS-Fusion/vins_estimator/build/CMakeFiles/CMakeTmp

Run Build Command:"/usr/bin/make" "cmTC_1852e/fast"
/usr/bin/make -f CMakeFiles/cmTC_1852e.dir/build.make CMakeFiles/cmTC_1852e.dir/build
make[1]: Entering directory '/home/kuan/1slam/VINS-Fusion/vins_estimator/build/CMakeFiles/CMakeTmp'
Building C object CMakeFiles/cmTC_1852e.dir/CheckFunctionExists.c.o
/usr/bin/gcc-5    -DCHECK_FUNCTION_EXISTS=pthread_create   -o CMakeFiles/cmTC_1852e.dir/CheckFunctionExists.c.o   -c /usr/share/cmake-3.5/Modules/CheckFunctionExists.c
Linking C executable cmTC_1852e
/usr/bin/cmake -E cmake_link_script CMakeFiles/cmTC_1852e.dir/link.txt --verbose=1
/usr/bin/gcc-5   -DCHECK_FUNCTION_EXISTS=pthread_create    CMakeFiles/cmTC_1852e.dir/CheckFunctionExists.c.o  -o cmTC_1852e -rdynamic -lpthreads 
/usr/bin/ld: 找不到 -lpthreads
collect2: error: ld returned 1 exit status
CMakeFiles/cmTC_1852e.dir/build.make:97: recipe for target 'cmTC_1852e' failed
make[1]: *** [cmTC_1852e] Error 1
make[1]: Leaving directory '/home/kuan/1slam/VINS-Fusion/vins_estimator/build/CMakeFiles/CMakeTmp'
Makefile:126: recipe for target 'cmTC_1852e/fast' failed
make: *** [cmTC_1852e/fast] Error 2


